
                              Program Fit_1D




      diatomic                                                                   



 Npts...........    7
 Norder.........    4
 Nexpnd.........    0
 Npert..........    0



 The initial shift was (bohr) :

                      2.131800


 The final shift is (bohr) :

                      2.130562


 The potential constants in atomic units :


                       0        -113.3927529
                       1       -0.116456E-18
                       2        0.614481E+00
                       3       -0.786007E+00
                       4        0.611758E+00


     The sum of squares of residuals =              1.044E-11

     The standard deviation of the residuals =      1.221E-06


       Delta R          Observed          Predicted         Pred-Obs
 -----------------------------------------------------------------------------
  1    -0.1488      -113.37626670      -113.37626706       -3.554E-07
  2    -0.0988      -113.38594530      -113.38594387        1.428E-06
  3    -0.0488      -113.39119540      -113.39119721       -1.807E-06
  4     0.0012      -113.39275200      -113.39275194        6.061E-08
  5     0.0512      -113.39124290      -113.39124118        1.716E-06
  6     0.1012      -113.38720490      -113.38720629       -1.391E-06
  7     0.1512      -113.38109720      -113.38109685        3.494E-07


          Spectroscopic constants using 2nd-order PT

   Atomic Masses:  14.003242, 17.999160 for isotopes (^14C ,^18O )


   Energy of leftmost point in units of omega_e:   1.78
   Energy of rightmost point in units of omega_e:  1.26


      Bond length (Angstroms).................   1.12745

      Rotational constant (MHz)...............   50481.0

      Vibration-rotation constant (cm-1)......   0.01445

      Centrifugal distortion constant (kHz)...    138.85

      Harmonic frequency (cm-1)...............   2030.60

      Anharmonicity constant (cm-1)...........     12.03




 -113.3927528795



  1.12745

  2030.60
    12.03
  0.01445

  50481.0
   138.85


